<?xml version="1.0" encoding="UTF-8"?>
<!-- Generated by org.testng.reporters.JUnitXMLReporter -->
<testsuite ignored="0" hostname="DESKTOP-D2F20CM" failures="0" tests="3" name="Test" time="18.029" errors="0" timestamp="2023-06-09T15:14:07 IST">
  <testcase classname="com.testsuites.CreateStorybookSpec" name="test2" time="0.092"/>
  <testcase classname="com.testsuites.CreateStorybookSpec" name="verifyLoginwithInValidInfo" time="9.947"/>
  <testcase classname="com.testsuites.Datadriven" name="dataDrivenTest" time="7.503"/>
</testsuite> <!-- Test -->
